<?xml version="1.0" encoding="UTF-8"?>
<robot generator="Robot 3.2.1 (Python 3.8.2 on win32)" generated="20200706 00:15:43.281" rpa="false">
<suite id="s1" name="Tests" source="C:\Users\indra\OneDrive\Área de Trabalho\Test PredictCovid\tests\tests.robot">
<test id="s1-t1" name="Login - Successfull">
<kw name="Load predictcovid main page">
<kw name="Open Browser" library="SeleniumLibrary">
<doc>Opens a new browser instance to the optional ``url``.</doc>
<arguments>
<arg>https://predictcovid.com.br/</arg>
<arg>chrome</arg>
</arguments>
<msg timestamp="20200706 00:15:43.480" level="INFO">Opening browser 'chrome' to base url 'https://predictcovid.com.br/'.</msg>
<status status="PASS" starttime="20200706 00:15:43.480" endtime="20200706 00:15:48.018"></status>
</kw>
<kw name="Set Selenium Implicit Wait" library="SeleniumLibrary">
<doc>Sets the implicit wait value used by Selenium.</doc>
<arguments>
<arg>5</arg>
</arguments>
<status status="PASS" starttime="20200706 00:15:48.018" endtime="20200706 00:15:48.020"></status>
</kw>
<status status="PASS" starttime="20200706 00:15:43.479" endtime="20200706 00:15:48.020"></status>
</kw>
<kw name="Click ACESSE">
<kw name="Sleep" library="BuiltIn">
<doc>Pauses the test executed for the given time.</doc>
<arguments>
<arg>5</arg>
</arguments>
<msg timestamp="20200706 00:15:53.022" level="INFO">Slept 5 seconds</msg>
<status status="PASS" starttime="20200706 00:15:48.021" endtime="20200706 00:15:53.022"></status>
</kw>
<kw name="Click Element" library="SeleniumLibrary">
<doc>Click the element identified by ``locator``.</doc>
<arguments>
<arg>css:a[href='/home/']</arg>
</arguments>
<msg timestamp="20200706 00:15:53.024" level="INFO">Clicking element 'css:a[href='/home/']'.</msg>
<status status="PASS" starttime="20200706 00:15:53.023" endtime="20200706 00:15:54.430"></status>
</kw>
<status status="PASS" starttime="20200706 00:15:48.021" endtime="20200706 00:15:54.430"></status>
</kw>
<kw name="Load login page">
<kw name="Wait Until Element Is Visible" library="SeleniumLibrary">
<doc>Waits until the element ``locator`` is visible.</doc>
<arguments>
<arg>id:email</arg>
<arg>timeout=5</arg>
</arguments>
<status status="PASS" starttime="20200706 00:15:54.432" endtime="20200706 00:15:54.565"></status>
</kw>
<status status="PASS" starttime="20200706 00:15:54.431" endtime="20200706 00:15:54.565"></status>
</kw>
<kw name="Input email">
<kw name="Input Text" library="SeleniumLibrary">
<doc>Types the given ``text`` into the text field identified by ``locator``.</doc>
<arguments>
<arg>id:email</arg>
<arg>indra.araujo.santos@gmail.com</arg>
</arguments>
<msg timestamp="20200706 00:15:54.567" level="INFO">Typing text 'indra.araujo.santos@gmail.com' into text field 'id:email'.</msg>
<status status="PASS" starttime="20200706 00:15:54.566" endtime="20200706 00:15:54.729"></status>
</kw>
<status status="PASS" starttime="20200706 00:15:54.566" endtime="20200706 00:15:54.729"></status>
</kw>
<kw name="Input password">
<kw name="Input Text" library="SeleniumLibrary">
<doc>Types the given ``text`` into the text field identified by ``locator``.</doc>
<arguments>
<arg>id:password</arg>
<arg>Universe19</arg>
</arguments>
<msg timestamp="20200706 00:15:54.730" level="INFO">Typing text 'Universe19' into text field 'id:password'.</msg>
<status status="PASS" starttime="20200706 00:15:54.730" endtime="20200706 00:15:54.855"></status>
</kw>
<status status="PASS" starttime="20200706 00:15:54.730" endtime="20200706 00:15:54.856"></status>
</kw>
<kw name="Click LOGIN">
<kw name="Sleep" library="BuiltIn">
<doc>Pauses the test executed for the given time.</doc>
<arguments>
<arg>5</arg>
</arguments>
<msg timestamp="20200706 00:15:59.857" level="INFO">Slept 5 seconds</msg>
<status status="PASS" starttime="20200706 00:15:54.857" endtime="20200706 00:15:59.857"></status>
</kw>
<kw name="Click Element" library="SeleniumLibrary">
<doc>Click the element identified by ``locator``.</doc>
<arguments>
<arg>id:btnLogin</arg>
</arguments>
<msg timestamp="20200706 00:15:59.857" level="INFO">Clicking element 'id:btnLogin'.</msg>
<status status="PASS" starttime="20200706 00:15:59.857" endtime="20200706 00:16:00.650"></status>
</kw>
<status status="PASS" starttime="20200706 00:15:54.856" endtime="20200706 00:16:00.651"></status>
</kw>
<kw name="Load home page">
<kw name="Wait Until Element Is Visible" library="SeleniumLibrary">
<doc>Waits until the element ``locator`` is visible.</doc>
<arguments>
<arg>css:a[href='/prediction/nova-analise/']</arg>
<arg>timeout=5</arg>
</arguments>
<status status="PASS" starttime="20200706 00:16:00.652" endtime="20200706 00:16:00.680"></status>
</kw>
<status status="PASS" starttime="20200706 00:16:00.651" endtime="20200706 00:16:00.680"></status>
</kw>
<kw name="Close">
<kw name="Close Browser" library="SeleniumLibrary">
<doc>Closes the current browser.</doc>
<status status="PASS" starttime="20200706 00:16:00.681" endtime="20200706 00:16:02.807"></status>
</kw>
<status status="PASS" starttime="20200706 00:16:00.681" endtime="20200706 00:16:02.808"></status>
</kw>
<status status="PASS" starttime="20200706 00:15:43.478" endtime="20200706 00:16:02.811" critical="yes"></status>
</test>
<status status="PASS" starttime="20200706 00:15:43.283" endtime="20200706 00:16:02.822"></status>
</suite>
<statistics>
<total>
<stat pass="1" fail="0">Critical Tests</stat>
<stat pass="1" fail="0">All Tests</stat>
</total>
<tag>
</tag>
<suite>
<stat pass="1" fail="0" id="s1" name="Tests">Tests</stat>
</suite>
</statistics>
<errors>
</errors>
</robot>
